This file contains any messages produced by compilers while
running configure, to aid debugging if configure makes a mistake.

It was created by rfSLAM configure 0.0.1, which was
generated by GNU Autoconf 2.69.  Invocation command line was

  $ ./configure 

## --------- ##
## Platform. ##
## --------- ##

hostname = Matts-MacBook-Pro-3.local
uname -m = x86_64
uname -r = 17.7.0
uname -s = Darwin
uname -v = Darwin Kernel Version 17.7.0: Thu Jun 21 22:59:54 PDT 2018; root:xnu-4570.71.2~2/RELEASE_X86_64

/usr/bin/uname -p = i386
/bin/uname -X     = unknown

/bin/arch              = unknown
/usr/bin/arch -k       = unknown
/usr/convex/getsysinfo = unknown
/usr/bin/hostinfo      = Mach kernel version:
	 Darwin Kernel Version 17.7.0: Thu Jun 21 22:59:54 PDT 2018; root:xnu-4570.71.2~2/RELEASE_X86_64
Kernel configured for up to 8 processors.
4 processors are physically available.
8 processors are logically available.
Processor type: x86_64h (Intel x86-64h Haswell)
Processors active: 0 1 2 3 4 5 6 7
Primary memory available: 16.00 gigabytes
Default processor set: 475 tasks, 3873 threads, 8 processors
Load average: 2.42, Mach factor: 5.56
/bin/machine           = unknown
/usr/bin/oslevel       = unknown
/bin/universe          = unknown

PATH: /usr/local/opt/openssl/bin
PATH: /Users/mattrosen/anaconda3/bin
PATH: /usr/local/bin
PATH: /usr/bin
PATH: /bin
PATH: /usr/sbin
PATH: /sbin
PATH: /Library/TeX/texbin
PATH: /opt/X11/bin


## ----------- ##
## Core tests. ##
## ----------- ##

configure:1865: checking for gcc
configure:1892: result: /usr/local/opt/llvm/bin/clang
configure:2121: checking for C compiler version
configure:2130: /usr/local/opt/llvm/bin/clang --version >&5
clang version 7.0.0 (tags/RELEASE_700/final)
Target: x86_64-apple-darwin17.7.0
Thread model: posix
InstalledDir: /usr/local/opt/llvm/bin
configure:2141: $? = 0
configure:2130: /usr/local/opt/llvm/bin/clang -v >&5
clang version 7.0.0 (tags/RELEASE_700/final)
Target: x86_64-apple-darwin17.7.0
Thread model: posix
InstalledDir: /usr/local/opt/llvm/bin
configure:2141: $? = 0
configure:2130: /usr/local/opt/llvm/bin/clang -V >&5
clang-7: error: argument to '-V' is missing (expected 1 value)
clang-7: error: no input files
configure:2141: $? = 1
configure:2130: /usr/local/opt/llvm/bin/clang -qversion >&5
clang-7: error: unknown argument '-qversion', did you mean '--version'?
clang-7: error: no input files
configure:2141: $? = 1
configure:2161: checking whether the C compiler works
configure:2183: /usr/local/opt/llvm/bin/clang -Wall -g -O2   conftest.c  >&5
configure:2187: $? = 0
configure:2235: result: yes
configure:2238: checking for C compiler default output file name
configure:2240: result: a.out
configure:2246: checking for suffix of executables
configure:2253: /usr/local/opt/llvm/bin/clang -o conftest -Wall -g -O2   conftest.c  >&5
configure:2257: $? = 0
configure:2279: result: 
configure:2301: checking whether we are cross compiling
configure:2309: /usr/local/opt/llvm/bin/clang -o conftest -Wall -g -O2   conftest.c  >&5
configure:2313: $? = 0
configure:2320: ./conftest
configure:2324: $? = 0
configure:2339: result: no
configure:2344: checking for suffix of object files
configure:2366: /usr/local/opt/llvm/bin/clang -c -Wall -g -O2  conftest.c >&5
configure:2370: $? = 0
configure:2391: result: o
configure:2395: checking whether we are using the GNU C compiler
configure:2414: /usr/local/opt/llvm/bin/clang -c -Wall -g -O2  conftest.c >&5
configure:2414: $? = 0
configure:2423: result: yes
configure:2432: checking whether /usr/local/opt/llvm/bin/clang accepts -g
configure:2452: /usr/local/opt/llvm/bin/clang -c -g  conftest.c >&5
configure:2452: $? = 0
configure:2493: result: yes
configure:2510: checking for /usr/local/opt/llvm/bin/clang option to accept ISO C89
configure:2573: /usr/local/opt/llvm/bin/clang  -c -Wall -g -O2  conftest.c >&5
configure:2573: $? = 0
configure:2586: result: none needed
configure:2607: checking for /usr/local/opt/llvm/bin/clang option to support OpenMP
configure:2622: /usr/local/opt/llvm/bin/clang -o conftest -Wall -g -O2   conftest.c  >&5
conftest.c:11:2: error: unknown type name 'choke'
 choke me
 ^
conftest.c:11:10: error: expected ';' after top level declarator
 choke me
         ^
         ;
2 errors generated.
configure:2622: $? = 1
configure: failed program was:
| /* confdefs.h */
| #define PACKAGE_NAME "rfSLAM"
| #define PACKAGE_TARNAME "rfSLAM"
| #define PACKAGE_VERSION "0.0.1"
| #define PACKAGE_STRING "rfSLAM 0.0.1"
| #define PACKAGE_BUGREPORT "mattrosen@uchicago.edu"
| #define PACKAGE_URL "https://github.com/mattrosen/rfSLAM"
| /* end confdefs.h.  */
| 
| #ifndef _OPENMP
|  choke me
| #endif
| #include <omp.h>
| int main () { return omp_get_num_threads (); }
| 
configure:2642: /usr/local/opt/llvm/bin/clang -o conftest -Wall -g -O2 -fopenmp   conftest.c  >&5
configure:2642: $? = 0
configure:2656: result: -fopenmp
configure:2819: creating ./config.status

## ---------------------- ##
## Running config.status. ##
## ---------------------- ##

This file was extended by rfSLAM config.status 0.0.1, which was
generated by GNU Autoconf 2.69.  Invocation command line was

  CONFIG_FILES    = 
  CONFIG_HEADERS  = 
  CONFIG_LINKS    = 
  CONFIG_COMMANDS = 
  $ ./config.status 

on Matts-MacBook-Pro-3.local

config.status:721: creating src/Makevars

## ---------------- ##
## Cache variables. ##
## ---------------- ##

ac_cv_c_compiler_gnu=yes
ac_cv_env_CC_set=
ac_cv_env_CC_value=
ac_cv_env_CFLAGS_set=
ac_cv_env_CFLAGS_value=
ac_cv_env_CPPFLAGS_set=
ac_cv_env_CPPFLAGS_value=
ac_cv_env_LDFLAGS_set=
ac_cv_env_LDFLAGS_value=
ac_cv_env_LIBS_set=
ac_cv_env_LIBS_value=
ac_cv_env_build_alias_set=
ac_cv_env_build_alias_value=
ac_cv_env_host_alias_set=
ac_cv_env_host_alias_value=
ac_cv_env_target_alias_set=
ac_cv_env_target_alias_value=
ac_cv_objext=o
ac_cv_prog_ac_ct_CC=/usr/local/opt/llvm/bin/clang
ac_cv_prog_c_openmp=-fopenmp
ac_cv_prog_cc_c89=
ac_cv_prog_cc_g=yes

## ----------------- ##
## Output variables. ##
## ----------------- ##

CC='/usr/local/opt/llvm/bin/clang'
CFLAGS='-Wall -g -O2'
CPPFLAGS=''
DEFS='-DPACKAGE_NAME=\"rfSLAM\" -DPACKAGE_TARNAME=\"rfSLAM\" -DPACKAGE_VERSION=\"0.0.1\" -DPACKAGE_STRING=\"rfSLAM\ 0.0.1\" -DPACKAGE_BUGREPORT=\"mattrosen@uchicago.edu\" -DPACKAGE_URL=\"https://github.com/mattrosen/rfSLAM\"'
ECHO_C='\c'
ECHO_N=''
ECHO_T=''
EXEEXT=''
LDFLAGS=''
LIBOBJS=''
LIBS=''
LTLIBOBJS=''
OBJEXT='o'
OPENMP_CFLAGS='-fopenmp'
PACKAGE_BUGREPORT='mattrosen@uchicago.edu'
PACKAGE_NAME='rfSLAM'
PACKAGE_STRING='rfSLAM 0.0.1'
PACKAGE_TARNAME='rfSLAM'
PACKAGE_URL='https://github.com/mattrosen/rfSLAM'
PACKAGE_VERSION='0.0.1'
PATH_SEPARATOR=':'
SHELL='/bin/sh'
ac_ct_CC='/usr/local/opt/llvm/bin/clang'
bindir='${exec_prefix}/bin'
build_alias=''
datadir='${datarootdir}'
datarootdir='${prefix}/share'
docdir='${datarootdir}/doc/${PACKAGE_TARNAME}'
dvidir='${docdir}'
exec_prefix='${prefix}'
host_alias=''
htmldir='${docdir}'
includedir='${prefix}/include'
infodir='${datarootdir}/info'
libdir='${exec_prefix}/lib'
libexecdir='${exec_prefix}/libexec'
localedir='${datarootdir}/locale'
localstatedir='${prefix}/var'
mandir='${datarootdir}/man'
oldincludedir='/usr/include'
pdfdir='${docdir}'
prefix='/usr/local'
program_transform_name='s,x,x,'
psdir='${docdir}'
sbindir='${exec_prefix}/sbin'
sharedstatedir='${prefix}/com'
sysconfdir='${prefix}/etc'
target_alias=''

## ----------- ##
## confdefs.h. ##
## ----------- ##

/* confdefs.h */
#define PACKAGE_NAME "rfSLAM"
#define PACKAGE_TARNAME "rfSLAM"
#define PACKAGE_VERSION "0.0.1"
#define PACKAGE_STRING "rfSLAM 0.0.1"
#define PACKAGE_BUGREPORT "mattrosen@uchicago.edu"
#define PACKAGE_URL "https://github.com/mattrosen/rfSLAM"

configure: exit 0
